0,1,1;0,0,0;1,1,1;0,0,0;1,1,1;0,0,0;1,0,0;0,1,0;0,1,0;0,0,0;1,1,1;1,1,1;0,1,1;1,0,0;0,1,0;0,1,1;0,1,0;0,0,1;1,0,0;1,0,0;0,0,0;1,0,0;0,0,1;1,1,0;1,1,1;1,0,0;0,1,1;1,1,0;0,1,0;0,0,1;1,0,0;0,0,0;1,0,0;0,0,0;1,1,1;0,1,0;0,0,0;0,0,0;1,1,0;1,0,0;1,1,1;1,1,0;1,1,1;0,1,1;0,1,1;1,0,0;0,0,1;0,1,0;1,0,0;0,1,1;1,0,0;0,1,0;1,0,0;0,1,0;0,0,1;0,1,1;1,0,0;0,0,1;0,1,0;0,0,0;1,1,1;1,0,0;1,1,1;0,0,1;1,1,0
1,1,1;0,1,0;0,1,0;0,0,0;1,0,0;1,1,1;0,0,0;1,1,1;1,1,1;0,0,1;1,1,1;0,0,0;1,1,0;1,0,0;1,1,0;0,0,0;1,1,1;0,1,0;0,1,1;0,1,1;1,0,0;0,1,1;0,1,0;1,1,1;1,0,0;1,1,0;0,0,0;0,1,1;1,0,0;0,1,1;0,0,0;1,0,0;1,0,0;1,1,0;1,1,1;1,1,0;1,0,0;0,1,1;1,0,0;0,1,0;0,1,1;1,1,0;0,1,0;1,0,0;1,1,0;0,0,0;1,0,0;1,1,1;1,1,0;0,0,1;0,0,1;1,1,1;0,0,1;0,1,1;0,1,0;1,1,1;0,1,1;1,1,1;1,0,0;0,0,1;0,0,1;0,0,0;0,0,0;1,1,1;1,0,0
1,0,0;1,1,1;0,1,1;1,1,0;0,0,1;0,0,1;0,0,0;0,0,1;1,1,0;1,1,1;0,1,0;1,1,0;0,0,0;1,0,0;0,0,0;0,0,1;0,1,0;0,0,1;1,0,0;0,0,1;0,0,0;1,1,1;1,0,0;0,0,1;1,1,1;1,0,0;1,1,1;1,0,0;1,0,0;1,1,0;0,0,0;0,1,0;0,1,1;1,1,0;0,0,0;0,0,1;1,1,0;1,1,1;0,0,0;1,0,0;0,1,0;1,1,1;0,0,0;0,0,1;1,0,0;1,1,0;1,1,1;1,1,0;0,1,1;1,1,0;0,0,0;0,0,1;1,1,0;0,1,0;1,0,0;1,0,0;1,1,0;0,1,0;1,1,1;1,1,0;0,1,1;0,1,1;0,0,0;0,1,0;1,1,0
0,0,0;0,1,1;0,0,0;0,0,1;0,1,1;1,1,1;1,1,1;0,1,0;1,1,0;0,1,0;1,1,1;1,1,1;0,1,1;0,0,0;1,1,0;0,0,0;0,0,0;0,1,0;0,0,0;1,0,0;0,0,0;1,1,0;0,1,1;0,1,0;1,0,0;1,1,0;0,0,1;1,0,0;0,0,1;1,1,0;0,0,0;0,0,0;1,1,1;0,0,1;1,0,0;0,1,0;1,1,0;0,0,1;0,0,0;1,0,0;1,1,1;0,1,1;0,0,0;1,1,0;0,1,1;1,0,0;1,0,0;0,0,1;1,1,0;0,0,1;1,0,0;0,1,0;1,1,0;1,1,0;1,1,0;1,1,1;1,0,0;1,1,1;0,1,0;1,1,0;0,1,1;0,1,0;1,1,0;0,0,0;0,0,1
1,1,1;0,0,1;0,0,0;1,1,1;0,0,1;1,1,1;0,1,0;1,0,0;1,1,1;1,0,0;0,0,1;0,0,1;1,0,0;0,0,0;0,1,0;1,0,0;1,1,1;0,1,0;1,0,0;1,1,0;0,0,1;0,1,0;0,0,0;1,1,1;0,0,1;0,1,1;1,0,0;0,1,0;1,0,0;1,0,0;1,0,0;1,0,0;1,1,0;1,0,0;1,1,1;0,1,0;1,1,0;0,0,1;0,1,0;0,1,0;1,1,0;0,1,1;0,0,1;0,1,0;0,0,0;1,1,0;0,0,1;0,0,0;1,1,0;0,1,1;1,1,1;1,0,0;1,0,0;0,1,0;0,0,0;0,0,0;1,0,0;1,1,1;0,1,0;0,0,0;1,1,1;0,1,1;1,0,0;1,1,1;0,1,0
---
1,0,1;1,0,1;0,1,1;1,0,0;1,1,0;0,1,1;1,1,1;0,1,1;1,0,0;1,0,1;1,1,1;0,0,1;0,1,0;1,0,1;0,1,1;1,1,0;0,1,1;1,0,1;1,0,0;1,0,1;0,1,0;1,0,1;1,1,0;1,0,1;1,0,1;1,0,1;1,0,1;1,0,1;1,0,1;1,1,1;0,1,0;1,0,0;1,1,0;0,1,0;1,0,0;0,0,1;1,1,1;1,0,1;1,1,0;1,0,1;1,0,1;0,0,0;0,0,0;1,0,0;1,0,1;1,0,1;0,1,1;1,0,1;0,1,0;0,0,1;1,0,1;1,0,1;1,0,1;1,1,0;1,0,1;0,0,1;1,0,1;1,0,1;1,1,1;1,1,1;1,1,1;0,1,0;0,0,0;0,1,1;1,0,1
1,0,1;1,0,1;1,0,1;1,0,1;1,0,1;0,0,0;1,0,1;0,0,0;1,0,1;1,1,1;1,0,1;1,0,1;1,0,1;0,1,1;1,0,1;1,0,1;0,0,1;1,0,0;1,1,1;1,0,1;1,1,1;1,0,1;1,0,0;1,0,1;0,1,1;1,0,0;1,0,1;1,0,1;1,0,1;1,0,1;0,1,0;1,1,0;1,0,1;1,1,1;1,0,1;1,0,1;1,0,1;1,1,1;1,0,1;0,0,1;1,1,0;1,0,1;1,0,0;1,0,0;1,0,1;1,0,1;0,0,0;1,1,0;1,0,1;1,1,0;1,0,1;1,0,1;1,0,1;1,0,1;0,0,0;1,0,1;1,0,1;0,0,0;0,0,1;0,0,0;1,0,1;1,0,1;1,1,0;1,0,1;1,0,1
0,0,0;1,1,0;1,0,1;0,1,1;1,1,0;0,1,0;0,0,1;1,1,1;0,0,0;0,1,1;1,0,1;0,0,0;1,1,0;1,0,1;0,0,0;1,0,1;1,0,0;0,1,0;1,0,0;0,1,0;1,1,0;1,0,0;0,1,1;0,0,0;0,1,1;1,1,0;1,0,1;0,0,0;0,0,0;1,0,1;0,1,0;1,1,0;0,1,1;0,1,1;1,1,0;1,1,1;0,1,0;0,1,1;0,0,1;1,1,1;1,1,0;0,1,0;1,0,1;1,0,1;0,0,0;0,0,1;0,1,1;1,1,0;1,0,0;1,1,0;1,0,1;0,1,0;0,1,1;0,1,0;1,0,1;1,0,1;0,1,0;0,0,0;0,1,0;1,0,1;1,1,1;0,1,1;0,1,1;0,1,1;0,1,0
1,0,1;1,0,1;1,1,0;0,1,1;1,0,1;0,0,0;1,0,1;0,0,1;0,0,0;1,0,1;1,1,0;1,0,0;1,0,0;1,0,1;1,0,0;1,0,1;0,1,1;1,1,1;1,1,0;1,1,1;1,1,1;0,1,1;1,0,1;1,1,1;0,1,1;0,1,1;1,1,0;0,1,1;0,1,0;0,0,0;1,1,0;1,1,0;1,0,1;0,1,0;1,1,0;1,0,1;0,0,0;1,0,0;1,1,0;1,0,0;0,0,0;1,0,0;1,0,1;1,0,1;1,1,1;0,1,0;1,1,0;1,0,1;0,0,0;0,0,0;0,0,1;0,1,0;1,0,1;0,0,1;0,0,0;1,0,0;0,0,1;0,1,0;1,1,1;1,0,1;0,1,0;1,0,1;1,1,0;1,0,0;0,0,1
1,0,1;1,0,1;1,0,1;1,0,1;1,0,1;0,1,1;1,0,1;1,1,0;1,0,1;1,0,1;1,0,1;0,1,0;1,0,1;1,0,1;1,0,1;1,1,0;1,0,1;0,0,1;1,0,1;1,0,1;1,0,1;1,0,1;0,1,1;1,0,1;1,0,1;1,0,1;1,0,1;1,0,1;0,1,1;1,0,1;1,0,1;1,0,1;1,0,1;1,0,0;1,0,1;1,0,1;1,0,1;1,0,1;1,1,0;1,0,1;1,0,1;0,0,1;1,0,1;1,0,1;1,0,1;1,0,1;1,0,1;1,0,1;1,0,1;0,0,0;1,0,1;1,0,1;1,0,1;1,0,1;1,0,1;1,0,1;1,0,1;1,0,0;1,0,1;0,0,0;1,0,1;1,1,1;1,0,1;0,1,1;0,0,1
---
G,!,&,|,->
---
3
---
G(->(&(x0,x2),x1))
---
[](a && c -> b)
---
[](a -> b)
---
a,b,c
