1,1,1;0,0,1;0,0,0;0,1,1;1,1,0
0,0,0;0,0,0;0,0,0;1,1,1;0,1,0
0,1,1;0,1,1;0,0,1;0,1,0;0,0,0
0,1,0;0,1,1;0,0,1;1,1,1;0,1,0
1,0,1;0,0,0;0,0,1;0,1,0;1,1,0
1,1,1;0,0,0;1,1,0;1,0,1;0,1,1
1,0,1;0,1,1;0,0,1;0,1,1;1,1,1
1,1,1;0,0,0;1,1,1;1,1,0;1,1,1
1,1,1;1,0,1;1,1,1;0,1,0;0,1,0
1,1,0;1,1,1;0,1,1;0,1,0;0,1,0
0,0,0;0,0,0;1,1,1;0,0,0;0,1,1
0,1,0;0,0,1;0,1,1;0,1,1;0,0,1
0,1,0;1,1,0;0,1,1;1,1,1;1,1,0
0,1,1;0,0,1;1,1,1;1,0,1;0,1,1
0,1,0;1,0,1;1,0,1;0,1,0;0,0,0
1,1,0;1,0,1;1,1,1;1,1,0;0,0,0
1,1,0;0,0,0;0,1,0;0,0,1;0,0,1
0,1,1;0,1,1;0,1,1;0,0,1;0,1,0
0,1,0;0,0,0;1,0,1;0,0,0;1,1,0
0,0,0;0,0,0;0,0,1;1,0,1;0,1,1
1,0,1;0,1,0;1,1,0;0,1,1;1,1,1
0,0,0;0,1,1;0,0,1;1,0,1;1,1,0
0,1,1;0,0,1;1,1,1;0,1,0;0,0,0
1,1,1;0,0,1;1,1,1;1,1,0;1,1,0
0,1,1;1,1,1;0,0,0;1,1,1;1,1,0
0,0,0;0,1,0;0,1,0;1,1,1;1,0,1
1,1,0;0,0,1;1,1,1;0,0,1;1,1,1
1,1,1;0,1,1;0,1,1;1,0,1;1,1,0
1,1,0;0,0,0;0,0,1;0,1,1;1,0,1
1,0,1;0,0,1;1,1,0;1,0,1;1,0,1
0,0,1;0,0,1;1,1,1;0,1,1;0,1,1
1,1,0;1,1,0;0,1,0;1,0,1;0,0,0
1,1,1;1,1,1;0,0,1;1,1,0;1,1,1
0,1,0;1,0,1;1,1,0;0,1,1;0,1,1
1,1,1;1,1,0;0,1,1;0,0,0;0,0,0
1,0,1;1,0,1;0,0,0;0,1,1;0,1,1
0,0,0;0,1,0;0,0,0;1,1,1;0,0,0
1,0,1;0,0,0;0,1,0;0,0,1;0,1,0
0,0,1;0,0,0;0,1,1;1,1,1;0,0,0
1,1,1;1,0,1;0,1,0;0,1,0;1,1,1
1,0,1;0,0,1;1,1,1;0,0,1;1,0,1
0,0,0;0,0,0;0,1,0;1,0,1;0,0,1
1,1,0;0,1,0;1,0,1;1,0,1;0,0,0
0,0,0;1,1,1;1,0,1;1,0,1;1,0,1
0,0,0;1,0,1;0,1,1;1,0,1;0,0,0
1,0,1;0,1,1;1,1,1;0,1,0;0,1,1
0,1,1;0,1,1;0,1,0;0,0,1;1,1,1
1,1,0;0,1,1;0,0,0;0,0,0;1,1,1
0,1,0;0,0,0;1,1,1;0,0,1;0,0,1
0,1,1;1,0,1;0,1,1;1,0,1;1,0,1
0,1,0;0,1,0;1,1,0;0,0,1;1,1,1
1,1,0;1,1,0;0,1,0;1,1,1;0,0,1
0,1,1;0,0,1;0,0,1;0,1,1;0,0,1
0,1,0;1,1,0;0,1,1;1,1,1;0,0,1
0,0,1;0,0,0;1,1,0;0,0,0;1,1,0
0,1,1;0,0,0;0,1,1;1,0,1;0,0,1
1,1,1;0,0,0;0,1,0;0,1,0;0,1,1
0,0,0;1,0,1;1,1,1;1,0,1;1,1,1
1,1,0;0,1,0;0,0,1;1,1,1;0,0,0
0,1,0;0,0,0;0,0,0;0,1,0;0,1,1
0,1,0;0,1,1;0,1,1;0,1,1;0,1,0
0,1,0;0,0,0;0,1,1;0,1,0;1,1,1
1,1,0;0,1,1;0,1,1;1,0,1;0,1,0
1,0,1;0,0,1;1,1,1;0,0,0;0,0,0
0,0,1;0,1,1;0,1,0;0,1,1;0,0,1
0,0,0;0,0,1;0,0,1;0,0,0;0,0,0
1,0,1;1,1,0;0,0,1;0,0,0;0,0,1
1,0,1;1,1,1;1,1,0;0,0,1;0,1,1
1,1,1;0,0,0;0,0,0;1,1,1;1,0,1
0,1,1;1,0,1;1,0,1;0,0,1;0,1,0
1,1,1;0,1,0;0,0,1;1,1,1;0,1,0
0,0,1;1,1,0;0,1,1;0,0,1;0,0,0
0,0,0;0,0,1;1,0,1;0,0,0;0,1,0
1,1,0;0,1,1;0,0,1;1,1,0;1,1,0
1,1,0;1,1,1;0,0,0;1,0,1;0,0,0
0,0,1;1,1,0;1,1,0;0,1,0;1,1,0
0,0,1;0,0,1;1,0,1;0,1,1;0,0,0
1,1,0;1,1,0;0,0,1;0,0,0;1,1,0
1,0,1;0,0,0;0,1,1;1,0,1;1,1,1
1,1,0;1,1,0;1,1,1;1,0,1;0,0,0
0,0,0;0,0,1;1,1,0;1,1,1;0,1,0
1,1,1;1,1,0;1,1,1;1,1,1;0,0,1
1,0,1;0,1,0;0,0,0;0,0,0;0,1,0
1,0,1;1,1,1;1,1,1;0,1,1;0,0,1
0,1,0;0,0,1;1,0,1;1,0,1;0,1,1
0,1,0;1,1,1;1,1,0;0,1,1;0,0,1
0,1,0;0,1,1;0,0,0;1,0,1;1,0,1
0,1,1;1,1,0;0,1,0;0,1,0;0,0,1
1,0,1;1,0,1;1,1,1;0,0,0;0,1,0
0,1,0;1,1,0;1,0,1;0,0,0;0,1,0
---
1,0,0;1,0,0;1,0,0;1,0,0;1,0,0
1,1,0;0,1,0;1,0,0;1,0,0;1,0,0
1,1,0;1,1,1;0,1,0;1,1,1;1,0,0
1,1,1;1,0,0;0,1,0;1,0,0;1,0,0
1,0,0;1,0,0;1,0,0;1,0,0;1,0,0
0,0,1;0,1,0;0,1,1;1,0,0;0,1,1
1,0,0;1,0,0;1,0,0;1,0,0;1,1,0
1,0,0;1,0,0;1,0,0;1,0,0;1,0,0
1,0,0;1,0,0;1,0,0;1,0,0;1,0,0
1,1,0;1,0,0;1,0,0;0,0,1;1,0,0
0,1,1;1,0,0;1,0,0;1,0,0;1,0,0
1,1,1;1,1,0;1,0,0;1,0,0;1,0,1
1,0,1;1,0,0;0,1,0;0,1,0;1,0,0
1,0,0;1,0,0;1,0,0;1,0,0;1,0,0
1,0,0;1,0,0;1,0,0;0,1,0;0,0,0
1,0,1;1,0,0;1,0,0;0,1,0;1,0,1
1,0,0;1,0,0;1,0,0;1,0,0;1,0,0
0,0,0;1,0,0;0,0,1;0,1,0;0,1,0
1,0,1;1,0,0;1,0,0;1,0,0;1,0,0
0,0,0;1,0,0;1,0,0;1,0,0;1,1,1
1,0,0;1,0,0;1,0,0;1,0,0;1,0,0
0,0,0;1,0,1;1,0,0;1,0,0;1,1,0
0,0,1;1,0,0;1,0,0;1,1,0;1,1,1
1,0,0;1,0,0;1,0,0;1,0,0;0,1,1
1,0,0;1,0,0;1,0,0;0,1,0;1,0,1
1,0,0;1,0,0;1,0,0;1,1,1;1,0,0
1,0,0;1,0,0;0,1,1;1,0,0;1,1,0
1,0,0;0,1,0;0,1,1;1,0,0;1,0,0
1,0,0;1,0,0;1,0,0;1,0,0;1,0,0
1,0,0;1,0,0;1,0,0;1,0,0;1,0,0
1,0,1;1,0,0;1,0,0;0,0,1;1,0,0
1,0,0;1,0,0;1,0,0;1,0,0;1,0,0
1,0,1;0,1,0;0,1,1;0,1,1;1,0,0
1,0,0;1,0,0;1,0,0;1,0,0;1,0,0
1,0,0;1,0,0;1,0,0;1,0,0;1,0,0
1,0,0;1,0,0;1,0,0;1,0,0;1,1,1
0,0,0;1,1,0;1,0,0;0,1,1;1,0,0
1,1,0;0,1,0;1,0,0;1,0,0;1,0,0
1,0,0;1,0,0;1,0,0;1,0,0;1,0,0
0,0,1;1,0,0;1,0,1;0,0,1;1,0,0
1,0,0;1,0,0;1,0,0;1,0,0;1,0,0
1,0,0;1,0,0;1,1,1;1,0,0;1,1,1
0,0,0;1,1,1;1,0,0;0,1,1;1,0,0
0,1,0;1,0,0;1,0,0;0,0,0;1,0,0
1,0,0;1,0,0;1,0,0;1,0,0;1,0,0
1,1,1;1,0,0;1,0,0;0,1,0;1,0,0
1,1,1;1,0,0;1,0,0;0,1,1;1,0,0
0,1,0;1,1,0;0,0,1;0,0,0;1,0,0
1,0,0;0,1,1;1,0,0;0,1,0;1,1,1
1,0,0;1,0,0;1,0,0;0,1,1;0,0,0
1,0,0;1,0,0;0,0,0;1,0,0;1,0,0
1,0,0;1,1,1;0,0,0;1,0,0;1,0,1
1,1,1;1,1,0;1,1,1;1,0,0;0,0,0
1,0,0;1,0,0;1,0,0;1,0,0;1,0,0
1,0,0;1,0,0;1,0,0;1,0,0;1,0,0
1,0,1;0,0,0;0,1,0;0,1,1;1,0,0
1,0,0;1,0,0;1,0,0;1,0,0;1,0,0
1,0,0;1,0,0;1,0,0;1,0,0;1,0,0
1,0,0;1,0,0;1,0,0;1,0,1;1,0,1
1,0,1;1,0,0;1,1,1;1,1,0;0,1,1
0,1,0;0,1,1;1,1,0;1,1,0;1,0,0
1,0,0;1,0,0;1,0,0;1,0,0;1,0,0
0,1,0;0,1,0;0,0,0;1,1,0;1,0,0
1,0,0;1,0,0;1,0,0;1,0,0;1,0,0
1,0,1;1,1,0;1,0,0;1,0,0;0,1,1
1,0,0;1,0,0;1,0,0;1,0,0;1,0,0
1,1,1;0,1,0;1,0,0;0,1,1;1,0,0
1,0,0;1,1,1;0,0,1;0,1,0;1,0,0
1,0,0;1,0,0;1,0,0;1,0,0;1,1,0
1,0,0;0,1,1;1,1,1;0,1,1;1,0,0
1,0,0;0,1,0;1,0,0;0,1,0;1,0,1
1,0,0;1,0,0;1,0,0;1,0,0;1,1,1
0,0,1;1,0,0;0,1,0;1,0,1;0,0,1
0,0,1;1,0,0;1,0,0;0,0,0;1,0,0
1,0,0;1,0,0;1,1,1;1,0,0;1,0,0
1,0,0;1,0,0;1,0,0;1,0,0;1,0,0
1,0,0;1,0,0;1,0,0;1,1,0;1,0,0
1,0,0;1,0,0;1,1,1;0,0,1;1,0,1
1,0,0;0,1,1;0,0,0;1,0,0;1,0,0
1,0,0;1,0,0;1,0,0;1,0,0;1,0,0
1,0,0;1,0,0;0,0,0;1,1,0;1,0,0
1,0,0;1,0,0;1,0,0;1,0,0;1,0,0
1,0,0;1,0,0;1,0,0;1,0,0;1,0,1
1,0,1;0,0,1;1,0,0;0,1,0;0,0,0
0,0,0;1,0,0;0,0,1;0,1,1;0,0,1
0,1,1;1,0,0;1,0,0;1,0,0;1,0,0
1,0,1;1,0,1;1,0,0;0,0,0;0,0,1
1,0,0;1,0,1;1,1,1;1,1,0;1,0,0
1,0,0;1,0,0;1,0,0;1,0,1;1,0,0
1,0,0;1,0,0;1,0,0;1,1,0;1,0,0
---
G,!,&,|,->
---
3
---
G(->(x0,|(x1,x2)))
---
[](a -> b || c)
---
[](a -> b)
---
a,b,c
